2025-04-13 10:03:36,875 - \U0001f504 正在加载 .env 文件...
2025-04-13 10:03:36,879 - \U0001f36a 账号 1 cookies:
2025-04-13 10:03:36,879 -   logged_in = true
2025-04-13 10:03:36,879 -   cf_clearance = evwwjBi0zHtg4phQ20mY5AtHRJeGwksYU8XN80L.inY-1744452269-1.2.1.1-YSnP6oAnIFfeHNrzDdAn6DySIc5YTT767dPXccN3p5l1SYzyensRnmkOCLPHr58KEhjtMmGSrXtlL6lGi3GorDSvAj_30eSvgAgmfoRweEIfJpDzAz.qyz33c_Ex39S2aycDZgVr8TZZU0WLHDRKXdkQHF_klDwAFE3M2Bcj1BQW2Uwt06Hr3ORcD9402XGT6DiMk86lB0Hptn9fzOgGk1_Aa7flO2E4cCSzvMr6Y0Ixhe65IMJttwKvE6B6_76xDpn9b7SMDScxgj7umrXEhGtH7FPXWMIziqZd4q_LzurhV4YZz8fyGWUiIAeRT9lhMKHSmPY22g_5Tqg5wFb_2EMZSDYiZkdvodTPpSgOT3c
2025-04-13 10:03:36,879 -   c_secure_uid = Mjc4NQ%3D%3D
2025-04-13 10:03:36,879 -   c_secure_tracker_ssl = eWVhaA%3D%3D
2025-04-13 10:03:36,881 -   c_secure_ssl = eWVhaA%3D%3D
2025-04-13 10:03:36,881 -   c_secure_pass = 3b2e7d0a2eefd5e6cd30b2abd289a329
2025-04-13 10:03:36,881 -   c_secure_login = bm9wZQ%3D%3D
2025-04-13 10:03:36,881 -   c_lang_folder = chs
2025-04-13 10:03:36,881 - \U0001f36a 账号 2 cookies:
2025-04-13 10:03:36,881 -   logged_in = true
2025-04-13 10:03:36,881 -   cf_clearance = AoyfbPNEGoMjNSbUnOwsDz5_VA1Xhht8q8tlW4PPCJA-1744453098-1.2.1.1-LMIpRVTdR0QycD0Vm9bX8OhHVG.Oytx7hyoejdF0b5ujnUdxDn2BU9kYB_aHqhBSWkj0YN1Gr9h7wsWujLkIPB9gRmwjR4Q4OmlJPqvMCq4uKrFUcCHwV_NY.PzUN24.t0Y1vmEpU_3HaVxSfJapIatUey4Feok_IrG0ZmQO3ePrbL5DurvbwVedCPlzx7xhJfLrtqYUnQ76bH8CLDnHlY_mxD1p7j8_Zh2lnNa36epUiF76.Gfs2Fh12HfM0BJIlxOrJ..8v56TYAde1uS1dRDCedFmx7ESDVYEbjqGD1sMiNzlPs8t7ZX5ojbighUWKLpjaZVXEBR5e3_K9bORJmXH01oBmtCYOUZbwSMQVnQ
2025-04-13 10:03:36,881 -   c_secure_uid = MjA4MDE%3D
2025-04-13 10:03:36,881 -   c_secure_tracker_ssl = eWVhaA%3D%3D
2025-04-13 10:03:36,881 -   c_secure_ssl = eWVhaA%3D%3D
2025-04-13 10:03:36,881 -   c_secure_pass = 81d8e46b8765e7a42b7e75aa3be24af4
2025-04-13 10:03:36,881 -   c_secure_login = bm9wZQ%3D%3D
2025-04-13 10:03:36,881 -   c_lang_folder = chs
2025-04-13 10:03:36,881 - \U0001f680 正在发送签到请求: https://www.pttime.org/attendance.php?type=sign&uid
2025-04-13 10:03:37,216 - \u2705 响应状态码: 200
2025-04-13 10:03:37,217 - \U0001f4dd 响应内容（前200字）：<!DOCTYPE html>
<html lang="zh-CN">
<head>
    <meta charset="utf-8">
    <meta name="viewport" content="width=device-width, initial-scale=1">
    <meta name="generator" content="PTT-NP">
        <met...
2025-04-13 10:03:37,217 - \U0001f389 账号 1 签到成功
2025-04-13 10:03:37,218 - \U0001f680 正在发送签到请求: https://www.pttime.org/attendance.php?type=sign&uid=20801
2025-04-13 10:03:37,584 - \u2705 响应状态码: 200
2025-04-13 10:03:37,584 - \U0001f4dd 响应内容（前200字）：<!DOCTYPE html>
<html lang="zh-CN">
<head>
    <meta charset="utf-8">
    <meta name="viewport" content="width=device-width, initial-scale=1">
    <meta name="generator" content="PTT-NP">
        <met...
2025-04-13 10:03:37,584 - \U0001f389 账号 2 签到成功
2025-04-13 10:11:19,703 - \U0001f504 正在加载 .env 文件...
2025-04-13 10:11:19,705 - \U0001f36a 账号 1 cookies:
2025-04-13 10:11:19,705 -   logged_in = true
2025-04-13 10:11:19,706 -   cf_clearance = evwwjBi0zHtg4phQ20mY5AtHRJeGwksYU8XN80L.inY-1744452269-1.2.1.1-YSnP6oAnIFfeHNrzDdAn6DySIc5YTT767dPXccN3p5l1SYzyensRnmkOCLPHr58KEhjtMmGSrXtlL6lGi3GorDSvAj_30eSvgAgmfoRweEIfJpDzAz.qyz33c_Ex39S2aycDZgVr8TZZU0WLHDRKXdkQHF_klDwAFE3M2Bcj1BQW2Uwt06Hr3ORcD9402XGT6DiMk86lB0Hptn9fzOgGk1_Aa7flO2E4cCSzvMr6Y0Ixhe65IMJttwKvE6B6_76xDpn9b7SMDScxgj7umrXEhGtH7FPXWMIziqZd4q_LzurhV4YZz8fyGWUiIAeRT9lhMKHSmPY22g_5Tqg5wFb_2EMZSDYiZkdvodTPpSgOT3c
2025-04-13 10:11:19,706 -   c_secure_uid = Mjc4NQ%3D%3D
2025-04-13 10:11:19,706 -   c_secure_tracker_ssl = eWVhaA%3D%3D
2025-04-13 10:11:19,706 -   c_secure_ssl = eWVhaA%3D%3D
2025-04-13 10:11:19,706 -   c_secure_pass = 3b2e7d0a2eefd5e6cd30b2abd289a329
2025-04-13 10:11:19,706 -   c_secure_login = bm9wZQ%3D%3D
2025-04-13 10:11:19,706 -   c_lang_folder = chs
2025-04-13 10:11:19,706 - \U0001f36a 账号 2 cookies:
2025-04-13 10:11:19,706 -   logged_in = true
2025-04-13 10:11:19,706 -   cf_clearance = AoyfbPNEGoMjNSbUnOwsDz5_VA1Xhht8q8tlW4PPCJA-1744453098-1.2.1.1-LMIpRVTdR0QycD0Vm9bX8OhHVG.Oytx7hyoejdF0b5ujnUdxDn2BU9kYB_aHqhBSWkj0YN1Gr9h7wsWujLkIPB9gRmwjR4Q4OmlJPqvMCq4uKrFUcCHwV_NY.PzUN24.t0Y1vmEpU_3HaVxSfJapIatUey4Feok_IrG0ZmQO3ePrbL5DurvbwVedCPlzx7xhJfLrtqYUnQ76bH8CLDnHlY_mxD1p7j8_Zh2lnNa36epUiF76.Gfs2Fh12HfM0BJIlxOrJ..8v56TYAde1uS1dRDCedFmx7ESDVYEbjqGD1sMiNzlPs8t7ZX5ojbighUWKLpjaZVXEBR5e3_K9bORJmXH01oBmtCYOUZbwSMQVnQ
2025-04-13 10:11:19,706 -   c_secure_uid = MjA4MDE%3D
2025-04-13 10:11:19,706 -   c_secure_tracker_ssl = eWVhaA%3D%3D
2025-04-13 10:11:19,706 -   c_secure_ssl = eWVhaA%3D%3D
2025-04-13 10:11:19,706 -   c_secure_pass = 81d8e46b8765e7a42b7e75aa3be24af4
2025-04-13 10:11:19,706 -   c_secure_login = bm9wZQ%3D%3D
2025-04-13 10:11:19,706 -   c_lang_folder = chs
2025-04-13 10:11:19,706 - \U0001f680 正在发送签到请求: https://www.pttime.org/attendance.php?type=sign&uid=2785
2025-04-13 10:11:20,013 - \u2705 响应状态码: 200
2025-04-13 10:11:20,013 - \U0001f4dd 响应内容（前200字）：<!DOCTYPE html>
<html lang="zh-CN">
<head>
    <meta charset="utf-8">
    <meta name="viewport" content="width=device-width, initial-scale=1">
    <meta name="generator" content="PTT-NP">
        <met...
2025-04-13 10:11:20,013 - \U0001f389 账号 1 签到成功
2025-04-13 10:11:20,013 - \U0001f680 正在发送签到请求: https://www.pttime.org/attendance.php?type=sign&uid=20801
2025-04-13 10:11:20,174 - \u2705 响应状态码: 200
2025-04-13 10:11:20,174 - \U0001f4dd 响应内容（前200字）：<!DOCTYPE html>
<html lang="zh-CN">
<head>
    <meta charset="utf-8">
    <meta name="viewport" content="width=device-width, initial-scale=1">
    <meta name="generator" content="PTT-NP">
        <met...
2025-04-13 10:11:20,174 - \U0001f389 账号 2 签到成功
2025-04-13 10:31:34,664 - \U0001f504 正在加载 .env 文件...
2025-04-13 10:31:34,665 - \U0001f36a 账号 1 cookies:
2025-04-13 10:31:34,665 -   logged_in = true
2025-04-13 10:31:34,666 -   cf_clearance = evwwjBi0zHtg4phQ20mY5AtHRJeGwksYU8XN80L.inY-1744452269-1.2.1.1-YSnP6oAnIFfeHNrzDdAn6DySIc5YTT767dPXccN3p5l1SYzyensRnmkOCLPHr58KEhjtMmGSrXtlL6lGi3GorDSvAj_30eSvgAgmfoRweEIfJpDzAz.qyz33c_Ex39S2aycDZgVr8TZZU0WLHDRKXdkQHF_klDwAFE3M2Bcj1BQW2Uwt06Hr3ORcD9402XGT6DiMk86lB0Hptn9fzOgGk1_Aa7flO2E4cCSzvMr6Y0Ixhe65IMJttwKvE6B6_76xDpn9b7SMDScxgj7umrXEhGtH7FPXWMIziqZd4q_LzurhV4YZz8fyGWUiIAeRT9lhMKHSmPY22g_5Tqg5wFb_2EMZSDYiZkdvodTPpSgOT3c
2025-04-13 10:31:34,666 -   c_secure_uid = Mjc4NQ%3D%3D
2025-04-13 10:31:34,666 -   c_secure_tracker_ssl = eWVhaA%3D%3D
2025-04-13 10:31:34,666 -   c_secure_ssl = eWVhaA%3D%3D
2025-04-13 10:31:34,666 -   c_secure_pass = 3b2e7d0a2eefd5e6cd30b2abd289a329
2025-04-13 10:31:34,666 -   c_secure_login = bm9wZQ%3D%3D
2025-04-13 10:31:34,666 -   c_lang_folder = chs
2025-04-13 10:31:34,666 - \U0001f36a 账号 2 cookies:
2025-04-13 10:31:34,666 -   logged_in = true
2025-04-13 10:31:34,666 -   cf_clearance = AoyfbPNEGoMjNSbUnOwsDz5_VA1Xhht8q8tlW4PPCJA-1744453098-1.2.1.1-LMIpRVTdR0QycD0Vm9bX8OhHVG.Oytx7hyoejdF0b5ujnUdxDn2BU9kYB_aHqhBSWkj0YN1Gr9h7wsWujLkIPB9gRmwjR4Q4OmlJPqvMCq4uKrFUcCHwV_NY.PzUN24.t0Y1vmEpU_3HaVxSfJapIatUey4Feok_IrG0ZmQO3ePrbL5DurvbwVedCPlzx7xhJfLrtqYUnQ76bH8CLDnHlY_mxD1p7j8_Zh2lnNa36epUiF76.Gfs2Fh12HfM0BJIlxOrJ..8v56TYAde1uS1dRDCedFmx7ESDVYEbjqGD1sMiNzlPs8t7ZX5ojbighUWKLpjaZVXEBR5e3_K9bORJmXH01oBmtCYOUZbwSMQVnQ
2025-04-13 10:31:34,666 -   c_secure_uid = MjA4MDE%3D
2025-04-13 10:31:34,666 -   c_secure_tracker_ssl = eWVhaA%3D%3D
2025-04-13 10:31:34,666 -   c_secure_ssl = eWVhaA%3D%3D
2025-04-13 10:31:34,666 -   c_secure_pass = 81d8e46b8765e7a42b7e75aa3be24af4
2025-04-13 10:31:34,666 -   c_secure_login = bm9wZQ%3D%3D
2025-04-13 10:31:34,666 -   c_lang_folder = chs
2025-04-13 10:31:34,666 - \U0001f680 正在发送签到请求: https://www.pttime.org/attendance.php?type=sign&uid=2785
2025-04-13 10:31:34,981 - \u2705 响应状态码: 200
2025-04-13 10:31:34,982 - \U0001f4dd 响应内容（前200字）：<!DOCTYPE html>
<html lang="zh-CN">
<head>
    <meta charset="utf-8">
    <meta name="viewport" content="width=device-width, initial-scale=1">
    <meta name="generator" content="PTT-NP">
        <met...
2025-04-13 10:31:34,982 - \U0001f389 账号 1 签到成功
2025-04-13 10:31:34,982 - \U0001f680 正在发送签到请求: https://www.pttime.org/attendance.php?type=sign&uid=20801
2025-04-13 10:31:35,136 - \u2705 响应状态码: 200
2025-04-13 10:31:35,136 - \U0001f4dd 响应内容（前200字）：<!DOCTYPE html>
<html lang="zh-CN">
<head>
    <meta charset="utf-8">
    <meta name="viewport" content="width=device-width, initial-scale=1">
    <meta name="generator" content="PTT-NP">
        <met...
2025-04-13 10:31:35,137 - \U0001f389 账号 2 签到成功
2025-04-13 11:24:35,363 - \U0001f36a 账号 1 cookies:
2025-04-13 11:24:35,363 -   logged_in = true
2025-04-13 11:24:35,363 -   cf_clearance = evwwjBi0zHtg4phQ20mY5AtHRJeGwksYU8XN80L.inY-1744452269-1.2.1.1-YSnP6oAnIFfeHNrzDdAn6DySIc5YTT767dPXccN3p5l1SYzyensRnmkOCLPHr58KEhjtMmGSrXtlL6lGi3GorDSvAj_30eSvgAgmfoRweEIfJpDzAz.qyz33c_Ex39S2aycDZgVr8TZZU0WLHDRKXdkQHF_klDwAFE3M2Bcj1BQW2Uwt06Hr3ORcD9402XGT6DiMk86lB0Hptn9fzOgGk1_Aa7flO2E4cCSzvMr6Y0Ixhe65IMJttwKvE6B6_76xDpn9b7SMDScxgj7umrXEhGtH7FPXWMIziqZd4q_LzurhV4YZz8fyGWUiIAeRT9lhMKHSmPY22g_5Tqg5wFb_2EMZSDYiZkdvodTPpSgOT3c
2025-04-13 11:24:35,364 -   c_secure_uid = Mjc4NQ%3D%3D
2025-04-13 11:24:35,364 -   c_secure_tracker_ssl = eWVhaA%3D%3D
2025-04-13 11:24:35,364 -   c_secure_ssl = eWVhaA%3D%3D
2025-04-13 11:24:35,364 -   c_secure_pass = 3b2e7d0a2eefd5e6cd30b2abd289a329
2025-04-13 11:24:35,364 -   c_secure_login = bm9wZQ%3D%3D
2025-04-13 11:24:35,364 -   c_lang_folder = chs
2025-04-13 11:24:35,364 - \U0001f36a 账号 2 cookies:
2025-04-13 11:24:35,364 -   logged_in = true
2025-04-13 11:24:35,364 -   cf_clearance = AoyfbPNEGoMjNSbUnOwsDz5_VA1Xhht8q8tlW4PPCJA-1744453098-1.2.1.1-LMIpRVTdR0QycD0Vm9bX8OhHVG.Oytx7hyoejdF0b5ujnUdxDn2BU9kYB_aHqhBSWkj0YN1Gr9h7wsWujLkIPB9gRmwjR4Q4OmlJPqvMCq4uKrFUcCHwV_NY.PzUN24.t0Y1vmEpU_3HaVxSfJapIatUey4Feok_IrG0ZmQO3ePrbL5DurvbwVedCPlzx7xhJfLrtqYUnQ76bH8CLDnHlY_mxD1p7j8_Zh2lnNa36epUiF76.Gfs2Fh12HfM0BJIlxOrJ..8v56TYAde1uS1dRDCedFmx7ESDVYEbjqGD1sMiNzlPs8t7ZX5ojbighUWKLpjaZVXEBR5e3_K9bORJmXH01oBmtCYOUZbwSMQVnQ
2025-04-13 11:24:35,364 -   c_secure_uid = MjA4MDE%3D
2025-04-13 11:24:35,364 -   c_secure_tracker_ssl = eWVhaA%3D%3D
2025-04-13 11:24:35,365 -   c_secure_ssl = eWVhaA%3D%3D
2025-04-13 11:24:35,365 -   c_secure_pass = 81d8e46b8765e7a42b7e75aa3be24af4
2025-04-13 11:24:35,365 -   c_secure_login = bm9wZQ%3D%3D
2025-04-13 11:24:35,365 -   c_lang_folder = chs
2025-04-13 11:24:35,365 - \U0001f680 正在发送签到请求: https://www.pttime.org/index.php
2025-04-13 11:24:35,823 - \u2705 响应状态码: 200
2025-04-13 11:24:35,824 - \U0001f4dd 响应内容（前200字）：<!DOCTYPE html>
<html lang="zh-CN">
<head>
    <meta charset="utf-8">
    <meta name="viewport" content="width=device-width, initial-scale=1">
    <meta name="generator" content="PTT-NP">
        <met...
2025-04-13 11:24:35,824 - \U0001f389 账号 1 签到成功
2025-04-13 11:24:35,824 - \U0001f680 正在发送签到请求: https://www.pttime.org/index.php
2025-04-13 11:24:35,955 - \u2705 响应状态码: 200
2025-04-13 11:24:35,956 - \U0001f4dd 响应内容（前200字）：<!DOCTYPE html>
<html lang="zh-CN">
<head>
    <meta charset="utf-8">
    <meta name="viewport" content="width=device-width, initial-scale=1">
    <meta name="generator" content="PTT-NP">
        <met...
2025-04-13 11:24:35,956 - \U0001f389 账号 2 签到成功
